<?xml version="1.0" encoding="UTF-8"?>
<testng-results ignored="0" total="1" passed="1" failed="0" skipped="0">
  <reporter-output>
  </reporter-output>
  <suite started-at="2020-11-06T16:24:42 WIB" name="Default suite" finished-at="2020-11-06T16:24:46 WIB" duration-ms="4202">
    <groups>
    </groups>
    <test started-at="2020-11-06T16:24:42 WIB" name="Default test" finished-at="2020-11-06T16:24:46 WIB" duration-ms="4202">
      <class name="putRequest">
        <test-method signature="updateExistingPet()[pri:0, instance:putRequest@7f552bd3]" started-at="2020-11-06T16:24:42 WIB" name="updateExistingPet" finished-at="2020-11-06T16:24:46 WIB" duration-ms="4165" status="PASS">
          <reporter-output>
          </reporter-output>
        </test-method> <!-- updateExistingPet -->
      </class> <!-- putRequest -->
    </test> <!-- Default test -->
  </suite> <!-- Default suite -->
</testng-results>
